Release 14.7 Map P.20131013 (nt64)
Xilinx Mapping Report File for Design 'unoxt2_top'

Design Information
------------------
Command Line   : map -filter
D:/Xilinx/share/unoxt2.cores/unoxt-sam-coupe/ise/iseconfig/filter.filter
-intstyle ise -p xc6slx25-ftg256-2 -w -logic_opt off -ol high -xe n -t 10 -xt 0
-register_duplication off -r 4 -global_opt off -mt 2 -ir off -pr off -lc off
-power off -o unoxt2_top_map.ncd unoxt2_top.ngd unoxt2_top.pcf 
Target Device  : xc6slx25
Target Package : ftg256
Target Speed   : -2
Mapper Version : spartan6 -- $Revision: 1.55 $
Mapped Date    : Fri Nov 18 15:59:56 2022

Design Summary
--------------
Number of errors:      0
Number of warnings:   36
Slice Logic Utilization:
  Number of Slice Registers:                 2,100 out of  30,064    6%
    Number used as Flip Flops:               2,047
    Number used as Latches:                      0
    Number used as Latch-thrus:                  0
    Number used as AND/OR logics:               53
  Number of Slice LUTs:                      4,446 out of  15,032   29%
    Number used as logic:                    4,164 out of  15,032   27%
      Number using O6 output only:           3,110
      Number using O5 output only:             261
      Number using O5 and O6:                  793
      Number used as ROM:                        0
    Number used as Memory:                     239 out of   3,664    6%
      Number used as Dual Port RAM:            232
        Number using O6 output only:           204
        Number using O5 output only:             0
        Number using O5 and O6:                 28
      Number used as Single Port RAM:            4
        Number using O6 output only:             4
        Number using O5 output only:             0
        Number using O5 and O6:                  0
      Number used as Shift Register:             3
        Number using O6 output only:             3
        Number using O5 output only:             0
        Number using O5 and O6:                  0
    Number used exclusively as route-thrus:     43
      Number with same-slice register load:     14
      Number with same-slice carry load:        29
      Number with other load:                    0

Slice Logic Distribution:
  Number of occupied Slices:                 1,812 out of   3,758   48%
  Number of MUXCYs used:                     1,096 out of   7,516   14%
  Number of LUT Flip Flop pairs used:        4,919
    Number with an unused Flip Flop:         2,902 out of   4,919   58%
    Number with an unused LUT:                 473 out of   4,919    9%
    Number of fully used LUT-FF pairs:       1,544 out of   4,919   31%
    Number of unique control sets:             311
    Number of slice register sites lost
      to control set restrictions:           1,510 out of  30,064    5%

  A LUT Flip Flop pair for this architecture represents one LUT paired with
  one Flip Flop within a slice.  A control set is a unique combination of
  clock, reset, set, and enable signals for a registered element.
  The Slice Logic Distribution report is not meaningful if the design is
  over-mapped for a non-slice resource or if Placement fails.

IO Utilization:
  Number of bonded IOBs:                        95 out of     186   51%
    Number of LOCed IOBs:                       95 out of      95  100%

Specific Feature Utilization:
  Number of RAMB16BWERs:                        35 out of      52   67%
  Number of RAMB8BWERs:                          0 out of     104    0%
  Number of BUFIO2/BUFIO2_2CLKs:                 1 out of      32    3%
    Number used as BUFIO2s:                      1
    Number used as BUFIO2_2CLKs:                 0
  Number of BUFIO2FB/BUFIO2FB_2CLKs:             0 out of      32    0%
  Number of BUFG/BUFGMUXs:                       8 out of      16   50%
    Number used as BUFGs:                        8
    Number used as BUFGMUX:                      0
  Number of DCM/DCM_CLKGENs:                     0 out of       4    0%
  Number of ILOGIC2/ISERDES2s:                   0 out of     272    0%
  Number of IODELAY2/IODRP2/IODRP2_MCBs:         0 out of     272    0%
  Number of OLOGIC2/OSERDES2s:                   0 out of     272    0%
  Number of BSCANs:                              0 out of       4    0%
  Number of BUFHs:                               0 out of     160    0%
  Number of BUFPLLs:                             0 out of       8    0%
  Number of BUFPLL_MCBs:                         0 out of       4    0%
  Number of DSP48A1s:                            3 out of      38    7%
  Number of ICAPs:                               1 out of       1  100%
  Number of MCBs:                                0 out of       2    0%
  Number of PCILOGICSEs:                         0 out of       2    0%
  Number of PLL_ADVs:                            1 out of       2   50%
  Number of PMVs:                                0 out of       1    0%
  Number of STARTUPs:                            0 out of       1    0%
  Number of SUSPEND_SYNCs:                       0 out of       1    0%

Average Fanout of Non-Clock Nets:                4.25

Peak Memory Usage:  4887 MB
Total REAL time to MAP completion:  1 mins 42 secs 
Total CPU time to MAP completion (all processors):   1 mins 42 secs 

Table of Contents
-----------------
Section 1 - Errors
Section 2 - Warnings
Section 3 - Informational
Section 4 - Removed Logic Summary
Section 5 - Removed Logic
Section 6 - IOB Properties
Section 7 - RPMs
Section 8 - Guide Report
Section 9 - Area Group and Partition Summary
Section 10 - Timing Report
Section 11 - Configuration String Information
Section 12 - Control Set Information
Section 13 - Utilization by Hierarchy

Section 1 - Errors
------------------

Section 2 - Warnings
--------------------
WARNING:PhysDesignRules:367 - The signal
   <sam/maquina/diskdrives_inst/wd1770_inst/fifo_in/Mram_mem4_RAMD_O> is
   incomplete. The signal does not drive any load pins in the design.
WARNING:PhysDesignRules:367 - The signal
   <sam/maquina/diskdrives_inst/wd1770_inst/fifo_in/Mram_mem5_RAMD_O> is
   incomplete. The signal does not drive any load pins in the design.
WARNING:PhysDesignRules:367 - The signal
   <sam/maquina/diskdrives_inst/wd1770_inst/fifo_in/Mram_mem2_RAMD_O> is
   incomplete. The signal does not drive any load pins in the design.
WARNING:PhysDesignRules:367 - The signal
   <sam/maquina/diskdrives_inst/wd1770_inst/fifo_in/Mram_mem12_RAMD_O> is
   incomplete. The signal does not drive any load pins in the design.
WARNING:PhysDesignRules:367 - The signal
   <sam/maquina/diskdrives_inst/wd1770_inst/fifo_in/Mram_mem10_RAMD_O> is
   incomplete. The signal does not drive any load pins in the design.
WARNING:PhysDesignRules:367 - The signal
   <sam/maquina/la_ula_del_sam/Mram_clut1_RAMD_D1_O> is incomplete. The signal
   does not drive any load pins in the design.
WARNING:PhysDesignRules:367 - The signal
   <sam/maquina/el_z80/i_tv80_core/i_reg/Mram_RegsH11_RAMD_D1_O> is incomplete.
   The signal does not drive any load pins in the design.
WARNING:PhysDesignRules:367 - The signal
   <sam/maquina/diskdrives_inst/wd1770_inst/fifo_in/Mram_mem8_RAMD_O> is
   incomplete. The signal does not drive any load pins in the design.
WARNING:PhysDesignRules:367 - The signal
   <sam/maquina/diskdrives_inst/wd1770_inst/fifo_in/Mram_mem3_RAMD_O> is
   incomplete. The signal does not drive any load pins in the design.
WARNING:PhysDesignRules:367 - The signal
   <sam/maquina/diskdrives_inst/wd1770_inst/fifo_in/Mram_mem6_RAMD_O> is
   incomplete. The signal does not drive any load pins in the design.
WARNING:PhysDesignRules:367 - The signal
   <sam/maquina/diskdrives_inst/wd1770_inst/fifo_in/Mram_mem13_RAMD_O> is
   incomplete. The signal does not drive any load pins in the design.
WARNING:PhysDesignRules:367 - The signal
   <sam/maquina/diskdrives_inst/wd1770_inst/fifo_in/Mram_mem14_RAMD_O> is
   incomplete. The signal does not drive any load pins in the design.
WARNING:PhysDesignRules:367 - The signal
   <sam/maquina/diskdrives_inst/wd1770_inst/fifo_in/Mram_mem9_RAMD_O> is
   incomplete. The signal does not drive any load pins in the design.
WARNING:PhysDesignRules:367 - The signal
   <sam/maquina/el_z80/i_tv80_core/i_reg/Mram_RegsL11_RAMD_D1_O> is incomplete.
   The signal does not drive any load pins in the design.
WARNING:PhysDesignRules:367 - The signal
   <sam/maquina/diskdrives_inst/wd1770_inst/fifo_in/Mram_mem1_RAMD_O> is
   incomplete. The signal does not drive any load pins in the design.
WARNING:PhysDesignRules:367 - The signal
   <sam/maquina/diskdrives_inst/wd1770_inst/fifo_in/Mram_mem7_RAMD_O> is
   incomplete. The signal does not drive any load pins in the design.
WARNING:PhysDesignRules:367 - The signal
   <sam/maquina/diskdrives_inst/wd1770_inst/fifo_in/Mram_mem15_RAMD_O> is
   incomplete. The signal does not drive any load pins in the design.
WARNING:PhysDesignRules:367 - The signal
   <sam/maquina/diskdrives_inst/wd1770_inst/fifo_in/Mram_mem11_RAMD_O> is
   incomplete. The signal does not drive any load pins in the design.
WARNING:PhysDesignRules:367 - The signal
   <sam/maquina/diskdrives_inst/wd1770_inst/fifo_in/Mram_mem16_RAMD_O> is
   incomplete. The signal does not drive any load pins in the design.
WARNING:PhysDesignRules:367 - The signal
   <sam/MyCtrlModule/UART.uartrxfifo/Mram_mem32_RAMD_O> is incomplete. The
   signal does not drive any load pins in the design.
WARNING:PhysDesignRules:367 - The signal
   <sam/maquina/diskdrives_inst/wd1770_inst/fifo_out/Mram_mem8_RAMD_O> is
   incomplete. The signal does not drive any load pins in the design.
WARNING:PhysDesignRules:367 - The signal
   <sam/maquina/diskdrives_inst/wd1770_inst/fifo_out/Mram_mem7_RAMD_O> is
   incomplete. The signal does not drive any load pins in the design.
WARNING:PhysDesignRules:367 - The signal
   <sam/maquina/diskdrives_inst/wd1770_inst/fifo_out/Mram_mem6_RAMD_O> is
   incomplete. The signal does not drive any load pins in the design.
WARNING:PhysDesignRules:367 - The signal
   <sam/maquina/diskdrives_inst/wd1770_inst/fifo_out/Mram_mem5_RAMD_O> is
   incomplete. The signal does not drive any load pins in the design.
WARNING:PhysDesignRules:367 - The signal
   <sam/maquina/diskdrives_inst/wd1770_inst/fifo_out/Mram_mem4_RAMD_O> is
   incomplete. The signal does not drive any load pins in the design.
WARNING:PhysDesignRules:367 - The signal
   <sam/maquina/diskdrives_inst/wd1770_inst/fifo_out/Mram_mem2_RAMD_O> is
   incomplete. The signal does not drive any load pins in the design.
WARNING:PhysDesignRules:367 - The signal
   <sam/maquina/diskdrives_inst/wd1770_inst/fifo_out/Mram_mem3_RAMD_O> is
   incomplete. The signal does not drive any load pins in the design.
WARNING:PhysDesignRules:367 - The signal
   <sam/maquina/diskdrives_inst/wd1770_inst/fifo_out/Mram_mem10_RAMD_O> is
   incomplete. The signal does not drive any load pins in the design.
WARNING:PhysDesignRules:367 - The signal
   <sam/maquina/diskdrives_inst/wd1770_inst/fifo_out/Mram_mem1_RAMD_O> is
   incomplete. The signal does not drive any load pins in the design.
WARNING:PhysDesignRules:367 - The signal
   <sam/maquina/diskdrives_inst/wd1770_inst/fifo_out/Mram_mem15_RAMD_O> is
   incomplete. The signal does not drive any load pins in the design.
WARNING:PhysDesignRules:367 - The signal
   <sam/maquina/diskdrives_inst/wd1770_inst/fifo_out/Mram_mem14_RAMD_O> is
   incomplete. The signal does not drive any load pins in the design.
WARNING:PhysDesignRules:367 - The signal
   <sam/maquina/diskdrives_inst/wd1770_inst/fifo_out/Mram_mem16_RAMD_O> is
   incomplete. The signal does not drive any load pins in the design.
WARNING:PhysDesignRules:367 - The signal
   <sam/maquina/diskdrives_inst/wd1770_inst/fifo_out/Mram_mem13_RAMD_O> is
   incomplete. The signal does not drive any load pins in the design.
WARNING:PhysDesignRules:367 - The signal
   <sam/maquina/diskdrives_inst/wd1770_inst/fifo_out/Mram_mem12_RAMD_O> is
   incomplete. The signal does not drive any load pins in the design.
WARNING:PhysDesignRules:367 - The signal
   <sam/maquina/diskdrives_inst/wd1770_inst/fifo_out/Mram_mem9_RAMD_O> is
   incomplete. The signal does not drive any load pins in the design.
WARNING:PhysDesignRules:367 - The signal
   <sam/maquina/diskdrives_inst/wd1770_inst/fifo_out/Mram_mem11_RAMD_O> is
   incomplete. The signal does not drive any load pins in the design.

Section 3 - Informational
-------------------------
INFO:Map:284 - Map is running with the multi-threading option on. Map currently
   supports the use of up to 2 processors. Based on the the user options and
   machine load, Map will use 2 processors during this run.
INFO:LIT:243 - Logical network esp_rx_i_IBUF has no load.
INFO:LIT:395 - The above info message is repeated 50 more times for the
   following (max. 5 shown):
   flash_miso_i_IBUF,
   joyp9_i_IBUF,
   btn_divmmc_n_i_IBUF,
   btn_multiface_n_i_IBUF,
   ram_data_io<15>_IBUF
   To see the details of these info messages, please use the -detail switch.
INFO:MapLib:562 - No environment variables are currently set.
INFO:MapLib:841 - Changing COMPENSATION attribute from SYSTEM_SYNCHRONOUS to
   INTERNAL for PLL_ADV sam/los_relojes/pll_base_inst/PLL_ADV.
INFO:Pack:1716 - Initializing temperature to 85.000 Celsius. (default - Range:
   0.000 to 85.000 Celsius)
INFO:Pack:1720 - Initializing voltage to 1.140 Volts. (default - Range: 1.140 to
   1.260 Volts)
INFO:Map:215 - The Interim Design Summary has been generated in the MAP Report
   (.mrp).
INFO:Pack:1650 - Map created a placed design.

Section 4 - Removed Logic Summary
---------------------------------
 135 block(s) removed
  22 block(s) optimized away
  56 signal(s) removed

Section 5 - Removed Logic
-------------------------

The trimmed logic report below shows the logic removed from your design due to
sourceless or loadless signals, and VCC or ground connections.  If the removal
of a signal or symbol results in the subsequent removal of an additional signal
or symbol, the message explaining that second removal will be indented.  This
indentation will be repeated as a chain of related logic is removed.

To quickly locate the original cause for the removal of a chain of logic, look
above the place where that logic is listed in the trimming report, then locate
the lines that are least indented (begin at the leftmost edge).

Loadless block "sam/MyCtrlModule/zpu/Madd_memARead[31]_GND_86_o_add_180_OUT15"
(ROM) removed.
Loadless block "sam/maquina/el_saa/bottom/amp0/ADDERTREE_INTERNAL_Madd28" (ROM)
removed.
Loadless block "sam/maquina/el_saa/bottom/amp0/ADDERTREE_INTERNAL_Madd2_lut<0>1"
(ROM) removed.
Loadless block "sam/maquina/el_saa/bottom/amp0/ADDERTREE_INTERNAL_Madd2_lut<0>2"
(ROM) removed.
 The signal "sam/maquina/el_saa/bottom/amp0/ADDERTREE_INTERNAL_Madd21" is
loadless and has been removed.
  Loadless block "sam/maquina/el_saa/bottom/amp0/ADDERTREE_INTERNAL_Madd21" (ROM)
removed.
Loadless block "sam/maquina/el_saa/bottom/amp0/ADDERTREE_INTERNAL_Madd2_lut<0>3"
(ROM) removed.
 The signal "sam/maquina/el_saa/bottom/amp0/ADDERTREE_INTERNAL_Madd22" is
loadless and has been removed.
  Loadless block "sam/maquina/el_saa/bottom/amp0/ADDERTREE_INTERNAL_Madd22" (ROM)
removed.
Loadless block "sam/maquina/el_saa/bottom/amp0/ADDERTREE_INTERNAL_Madd2_lut<0>4"
(ROM) removed.
 The signal "sam/maquina/el_saa/bottom/amp0/ADDERTREE_INTERNAL_Madd23" is
loadless and has been removed.
  Loadless block "sam/maquina/el_saa/bottom/amp0/ADDERTREE_INTERNAL_Madd23" (ROM)
removed.
Loadless block "sam/maquina/el_saa/bottom/amp0/ADDERTREE_INTERNAL_Madd2_lut<0>5"
(ROM) removed.
 The signal "sam/maquina/el_saa/bottom/amp0/ADDERTREE_INTERNAL_Madd24" is
loadless and has been removed.
  Loadless block "sam/maquina/el_saa/bottom/amp0/ADDERTREE_INTERNAL_Madd24" (ROM)
removed.
Loadless block "sam/maquina/el_saa/bottom/amp0/ADDERTREE_INTERNAL_Madd2_lut<0>6"
(ROM) removed.
 The signal "sam/maquina/el_saa/bottom/amp0/ADDERTREE_INTERNAL_Madd25" is
loadless and has been removed.
  Loadless block "sam/maquina/el_saa/bottom/amp0/ADDERTREE_INTERNAL_Madd25" (ROM)
removed.
Loadless block "sam/maquina/el_saa/bottom/amp0/ADDERTREE_INTERNAL_Madd2_lut<0>7"
(ROM) removed.
 The signal "sam/maquina/el_saa/bottom/amp0/ADDERTREE_INTERNAL_Madd26" is
loadless and has been removed.
  Loadless block "sam/maquina/el_saa/bottom/amp0/ADDERTREE_INTERNAL_Madd26" (ROM)
removed.
Loadless block "sam/maquina/el_saa/bottom/amp0/ADDERTREE_INTERNAL_Madd2_lut<0>8"
(ROM) removed.
 The signal "sam/maquina/el_saa/bottom/amp0/ADDERTREE_INTERNAL_Madd27" is
loadless and has been removed.
  Loadless block "sam/maquina/el_saa/bottom/amp0/ADDERTREE_INTERNAL_Madd27" (ROM)
removed.
Loadless block "sam/maquina/el_saa/bottom/amp0/ADDERTREE_INTERNAL_Madd58" (ROM)
removed.
Loadless block "sam/maquina/el_saa/bottom/amp0/ADDERTREE_INTERNAL_Madd5_lut<0>1"
(ROM) removed.
Loadless block "sam/maquina/el_saa/bottom/amp0/ADDERTREE_INTERNAL_Madd5_lut<0>2"
(ROM) removed.
 The signal "sam/maquina/el_saa/bottom/amp0/ADDERTREE_INTERNAL_Madd51" is
loadless and has been removed.
  Loadless block "sam/maquina/el_saa/bottom/amp0/ADDERTREE_INTERNAL_Madd51" (ROM)
removed.
Loadless block "sam/maquina/el_saa/bottom/amp0/ADDERTREE_INTERNAL_Madd5_lut<0>3"
(ROM) removed.
 The signal "sam/maquina/el_saa/bottom/amp0/ADDERTREE_INTERNAL_Madd52" is
loadless and has been removed.
  Loadless block "sam/maquina/el_saa/bottom/amp0/ADDERTREE_INTERNAL_Madd52" (ROM)
removed.
Loadless block "sam/maquina/el_saa/bottom/amp0/ADDERTREE_INTERNAL_Madd5_lut<0>4"
(ROM) removed.
 The signal "sam/maquina/el_saa/bottom/amp0/ADDERTREE_INTERNAL_Madd53" is
loadless and has been removed.
  Loadless block "sam/maquina/el_saa/bottom/amp0/ADDERTREE_INTERNAL_Madd53" (ROM)
removed.
Loadless block "sam/maquina/el_saa/bottom/amp0/ADDERTREE_INTERNAL_Madd5_lut<0>5"
(ROM) removed.
 The signal "sam/maquina/el_saa/bottom/amp0/ADDERTREE_INTERNAL_Madd54" is
loadless and has been removed.
  Loadless block "sam/maquina/el_saa/bottom/amp0/ADDERTREE_INTERNAL_Madd54" (ROM)
removed.
Loadless block "sam/maquina/el_saa/bottom/amp0/ADDERTREE_INTERNAL_Madd5_lut<0>6"
(ROM) removed.
 The signal "sam/maquina/el_saa/bottom/amp0/ADDERTREE_INTERNAL_Madd55" is
loadless and has been removed.
  Loadless block "sam/maquina/el_saa/bottom/amp0/ADDERTREE_INTERNAL_Madd55" (ROM)
removed.
Loadless block "sam/maquina/el_saa/bottom/amp0/ADDERTREE_INTERNAL_Madd5_lut<0>7"
(ROM) removed.
 The signal "sam/maquina/el_saa/bottom/amp0/ADDERTREE_INTERNAL_Madd56" is
loadless and has been removed.
  Loadless block "sam/maquina/el_saa/bottom/amp0/ADDERTREE_INTERNAL_Madd56" (ROM)
removed.
Loadless block "sam/maquina/el_saa/bottom/amp0/ADDERTREE_INTERNAL_Madd5_lut<0>8"
(ROM) removed.
 The signal "sam/maquina/el_saa/bottom/amp0/ADDERTREE_INTERNAL_Madd57" is
loadless and has been removed.
  Loadless block "sam/maquina/el_saa/bottom/amp0/ADDERTREE_INTERNAL_Madd57" (ROM)
removed.
Loadless block "sam/maquina/el_saa/bottom/amp1/ADDERTREE_INTERNAL_Madd28" (ROM)
removed.
Loadless block "sam/maquina/el_saa/bottom/amp1/ADDERTREE_INTERNAL_Madd2_lut<0>1"
(ROM) removed.
Loadless block "sam/maquina/el_saa/bottom/amp1/ADDERTREE_INTERNAL_Madd2_lut<0>2"
(ROM) removed.
 The signal "sam/maquina/el_saa/bottom/amp1/ADDERTREE_INTERNAL_Madd21" is
loadless and has been removed.
  Loadless block "sam/maquina/el_saa/bottom/amp1/ADDERTREE_INTERNAL_Madd21" (ROM)
removed.
Loadless block "sam/maquina/el_saa/bottom/amp1/ADDERTREE_INTERNAL_Madd2_lut<0>3"
(ROM) removed.
 The signal "sam/maquina/el_saa/bottom/amp1/ADDERTREE_INTERNAL_Madd22" is
loadless and has been removed.
  Loadless block "sam/maquina/el_saa/bottom/amp1/ADDERTREE_INTERNAL_Madd22" (ROM)
removed.
Loadless block "sam/maquina/el_saa/bottom/amp1/ADDERTREE_INTERNAL_Madd2_lut<0>4"
(ROM) removed.
 The signal "sam/maquina/el_saa/bottom/amp1/ADDERTREE_INTERNAL_Madd23" is
loadless and has been removed.
  Loadless block "sam/maquina/el_saa/bottom/amp1/ADDERTREE_INTERNAL_Madd23" (ROM)
removed.
Loadless block "sam/maquina/el_saa/bottom/amp1/ADDERTREE_INTERNAL_Madd2_lut<0>5"
(ROM) removed.
 The signal "sam/maquina/el_saa/bottom/amp1/ADDERTREE_INTERNAL_Madd24" is
loadless and has been removed.
  Loadless block "sam/maquina/el_saa/bottom/amp1/ADDERTREE_INTERNAL_Madd24" (ROM)
removed.
Loadless block "sam/maquina/el_saa/bottom/amp1/ADDERTREE_INTERNAL_Madd2_lut<0>6"
(ROM) removed.
 The signal "sam/maquina/el_saa/bottom/amp1/ADDERTREE_INTERNAL_Madd25" is
loadless and has been removed.
  Loadless block "sam/maquina/el_saa/bottom/amp1/ADDERTREE_INTERNAL_Madd25" (ROM)
removed.
Loadless block "sam/maquina/el_saa/bottom/amp1/ADDERTREE_INTERNAL_Madd2_lut<0>7"
(ROM) removed.
 The signal "sam/maquina/el_saa/bottom/amp1/ADDERTREE_INTERNAL_Madd26" is
loadless and has been removed.
  Loadless block "sam/maquina/el_saa/bottom/amp1/ADDERTREE_INTERNAL_Madd26" (ROM)
removed.
Loadless block "sam/maquina/el_saa/bottom/amp1/ADDERTREE_INTERNAL_Madd2_lut<0>8"
(ROM) removed.
 The signal "sam/maquina/el_saa/bottom/amp1/ADDERTREE_INTERNAL_Madd27" is
loadless and has been removed.
  Loadless block "sam/maquina/el_saa/bottom/amp1/ADDERTREE_INTERNAL_Madd27" (ROM)
removed.
Loadless block "sam/maquina/el_saa/bottom/amp1/ADDERTREE_INTERNAL_Madd58" (ROM)
removed.
Loadless block "sam/maquina/el_saa/bottom/amp1/ADDERTREE_INTERNAL_Madd5_lut<0>1"
(ROM) removed.
Loadless block "sam/maquina/el_saa/bottom/amp1/ADDERTREE_INTERNAL_Madd5_lut<0>2"
(ROM) removed.
 The signal "sam/maquina/el_saa/bottom/amp1/ADDERTREE_INTERNAL_Madd51" is
loadless and has been removed.
  Loadless block "sam/maquina/el_saa/bottom/amp1/ADDERTREE_INTERNAL_Madd51" (ROM)
removed.
Loadless block "sam/maquina/el_saa/bottom/amp1/ADDERTREE_INTERNAL_Madd5_lut<0>3"
(ROM) removed.
 The signal "sam/maquina/el_saa/bottom/amp1/ADDERTREE_INTERNAL_Madd52" is
loadless and has been removed.
  Loadless block "sam/maquina/el_saa/bottom/amp1/ADDERTREE_INTERNAL_Madd52" (ROM)
removed.
Loadless block "sam/maquina/el_saa/bottom/amp1/ADDERTREE_INTERNAL_Madd5_lut<0>4"
(ROM) removed.
 The signal "sam/maquina/el_saa/bottom/amp1/ADDERTREE_INTERNAL_Madd53" is
loadless and has been removed.
  Loadless block "sam/maquina/el_saa/bottom/amp1/ADDERTREE_INTERNAL_Madd53" (ROM)
removed.
Loadless block "sam/maquina/el_saa/bottom/amp1/ADDERTREE_INTERNAL_Madd5_lut<0>5"
(ROM) removed.
 The signal "sam/maquina/el_saa/bottom/amp1/ADDERTREE_INTERNAL_Madd54" is
loadless and has been removed.
  Loadless block "sam/maquina/el_saa/bottom/amp1/ADDERTREE_INTERNAL_Madd54" (ROM)
removed.
Loadless block "sam/maquina/el_saa/bottom/amp1/ADDERTREE_INTERNAL_Madd5_lut<0>6"
(ROM) removed.
 The signal "sam/maquina/el_saa/bottom/amp1/ADDERTREE_INTERNAL_Madd55" is
loadless and has been removed.
  Loadless block "sam/maquina/el_saa/bottom/amp1/ADDERTREE_INTERNAL_Madd55" (ROM)
removed.
Loadless block "sam/maquina/el_saa/bottom/amp1/ADDERTREE_INTERNAL_Madd5_lut<0>7"
(ROM) removed.
 The signal "sam/maquina/el_saa/bottom/amp1/ADDERTREE_INTERNAL_Madd56" is
loadless and has been removed.
  Loadless block "sam/maquina/el_saa/bottom/amp1/ADDERTREE_INTERNAL_Madd56" (ROM)
removed.
Loadless block "sam/maquina/el_saa/bottom/amp1/ADDERTREE_INTERNAL_Madd5_lut<0>8"
(ROM) removed.
 The signal "sam/maquina/el_saa/bottom/amp1/ADDERTREE_INTERNAL_Madd57" is
loadless and has been removed.
  Loadless block "sam/maquina/el_saa/bottom/amp1/ADDERTREE_INTERNAL_Madd57" (ROM)
removed.
Loadless block "sam/maquina/el_saa/bottom/amp2/ADDERTREE_INTERNAL_Madd28" (ROM)
removed.
Loadless block "sam/maquina/el_saa/bottom/amp2/ADDERTREE_INTERNAL_Madd58" (ROM)
removed.
Loadless block "sam/maquina/el_saa/top/amp0/ADDERTREE_INTERNAL_Madd28" (ROM)
removed.
Loadless block "sam/maquina/el_saa/top/amp0/ADDERTREE_INTERNAL_Madd2_lut<0>1"
(ROM) removed.
Loadless block "sam/maquina/el_saa/top/amp0/ADDERTREE_INTERNAL_Madd2_lut<0>2"
(ROM) removed.
 The signal "sam/maquina/el_saa/top/amp0/ADDERTREE_INTERNAL_Madd21" is loadless
and has been removed.
  Loadless block "sam/maquina/el_saa/top/amp0/ADDERTREE_INTERNAL_Madd21" (ROM)
removed.
Loadless block "sam/maquina/el_saa/top/amp0/ADDERTREE_INTERNAL_Madd2_lut<0>3"
(ROM) removed.
 The signal "sam/maquina/el_saa/top/amp0/ADDERTREE_INTERNAL_Madd22" is loadless
and has been removed.
  Loadless block "sam/maquina/el_saa/top/amp0/ADDERTREE_INTERNAL_Madd22" (ROM)
removed.
Loadless block "sam/maquina/el_saa/top/amp0/ADDERTREE_INTERNAL_Madd2_lut<0>4"
(ROM) removed.
 The signal "sam/maquina/el_saa/top/amp0/ADDERTREE_INTERNAL_Madd23" is loadless
and has been removed.
  Loadless block "sam/maquina/el_saa/top/amp0/ADDERTREE_INTERNAL_Madd23" (ROM)
removed.
Loadless block "sam/maquina/el_saa/top/amp0/ADDERTREE_INTERNAL_Madd2_lut<0>5"
(ROM) removed.
 The signal "sam/maquina/el_saa/top/amp0/ADDERTREE_INTERNAL_Madd24" is loadless
and has been removed.
  Loadless block "sam/maquina/el_saa/top/amp0/ADDERTREE_INTERNAL_Madd24" (ROM)
removed.
Loadless block "sam/maquina/el_saa/top/amp0/ADDERTREE_INTERNAL_Madd2_lut<0>6"
(ROM) removed.
 The signal "sam/maquina/el_saa/top/amp0/ADDERTREE_INTERNAL_Madd25" is loadless
and has been removed.
  Loadless block "sam/maquina/el_saa/top/amp0/ADDERTREE_INTERNAL_Madd25" (ROM)
removed.
Loadless block "sam/maquina/el_saa/top/amp0/ADDERTREE_INTERNAL_Madd2_lut<0>7"
(ROM) removed.
 The signal "sam/maquina/el_saa/top/amp0/ADDERTREE_INTERNAL_Madd26" is loadless
and has been removed.
  Loadless block "sam/maquina/el_saa/top/amp0/ADDERTREE_INTERNAL_Madd26" (ROM)
removed.
Loadless block "sam/maquina/el_saa/top/amp0/ADDERTREE_INTERNAL_Madd2_lut<0>8"
(ROM) removed.
 The signal "sam/maquina/el_saa/top/amp0/ADDERTREE_INTERNAL_Madd27" is loadless
and has been removed.
  Loadless block "sam/maquina/el_saa/top/amp0/ADDERTREE_INTERNAL_Madd27" (ROM)
removed.
Loadless block "sam/maquina/el_saa/top/amp0/ADDERTREE_INTERNAL_Madd58" (ROM)
removed.
Loadless block "sam/maquina/el_saa/top/amp0/ADDERTREE_INTERNAL_Madd5_lut<0>1"
(ROM) removed.
Loadless block "sam/maquina/el_saa/top/amp0/ADDERTREE_INTERNAL_Madd5_lut<0>2"
(ROM) removed.
 The signal "sam/maquina/el_saa/top/amp0/ADDERTREE_INTERNAL_Madd51" is loadless
and has been removed.
  Loadless block "sam/maquina/el_saa/top/amp0/ADDERTREE_INTERNAL_Madd51" (ROM)
removed.
Loadless block "sam/maquina/el_saa/top/amp0/ADDERTREE_INTERNAL_Madd5_lut<0>3"
(ROM) removed.
 The signal "sam/maquina/el_saa/top/amp0/ADDERTREE_INTERNAL_Madd52" is loadless
and has been removed.
  Loadless block "sam/maquina/el_saa/top/amp0/ADDERTREE_INTERNAL_Madd52" (ROM)
removed.
Loadless block "sam/maquina/el_saa/top/amp0/ADDERTREE_INTERNAL_Madd5_lut<0>4"
(ROM) removed.
 The signal "sam/maquina/el_saa/top/amp0/ADDERTREE_INTERNAL_Madd53" is loadless
and has been removed.
  Loadless block "sam/maquina/el_saa/top/amp0/ADDERTREE_INTERNAL_Madd53" (ROM)
removed.
Loadless block "sam/maquina/el_saa/top/amp0/ADDERTREE_INTERNAL_Madd5_lut<0>5"
(ROM) removed.
 The signal "sam/maquina/el_saa/top/amp0/ADDERTREE_INTERNAL_Madd54" is loadless
and has been removed.
  Loadless block "sam/maquina/el_saa/top/amp0/ADDERTREE_INTERNAL_Madd54" (ROM)
removed.
Loadless block "sam/maquina/el_saa/top/amp0/ADDERTREE_INTERNAL_Madd5_lut<0>6"
(ROM) removed.
 The signal "sam/maquina/el_saa/top/amp0/ADDERTREE_INTERNAL_Madd55" is loadless
and has been removed.
  Loadless block "sam/maquina/el_saa/top/amp0/ADDERTREE_INTERNAL_Madd55" (ROM)
removed.
Loadless block "sam/maquina/el_saa/top/amp0/ADDERTREE_INTERNAL_Madd5_lut<0>7"
(ROM) removed.
 The signal "sam/maquina/el_saa/top/amp0/ADDERTREE_INTERNAL_Madd56" is loadless
and has been removed.
  Loadless block "sam/maquina/el_saa/top/amp0/ADDERTREE_INTERNAL_Madd56" (ROM)
removed.
Loadless block "sam/maquina/el_saa/top/amp0/ADDERTREE_INTERNAL_Madd5_lut<0>8"
(ROM) removed.
 The signal "sam/maquina/el_saa/top/amp0/ADDERTREE_INTERNAL_Madd57" is loadless
and has been removed.
  Loadless block "sam/maquina/el_saa/top/amp0/ADDERTREE_INTERNAL_Madd57" (ROM)
removed.
Loadless block "sam/maquina/el_saa/top/amp1/ADDERTREE_INTERNAL_Madd28" (ROM)
removed.
Loadless block "sam/maquina/el_saa/top/amp1/ADDERTREE_INTERNAL_Madd2_lut<0>1"
(ROM) removed.
Loadless block "sam/maquina/el_saa/top/amp1/ADDERTREE_INTERNAL_Madd2_lut<0>2"
(ROM) removed.
 The signal "sam/maquina/el_saa/top/amp1/ADDERTREE_INTERNAL_Madd21" is loadless
and has been removed.
  Loadless block "sam/maquina/el_saa/top/amp1/ADDERTREE_INTERNAL_Madd21" (ROM)
removed.
Loadless block "sam/maquina/el_saa/top/amp1/ADDERTREE_INTERNAL_Madd2_lut<0>3"
(ROM) removed.
 The signal "sam/maquina/el_saa/top/amp1/ADDERTREE_INTERNAL_Madd22" is loadless
and has been removed.
  Loadless block "sam/maquina/el_saa/top/amp1/ADDERTREE_INTERNAL_Madd22" (ROM)
removed.
Loadless block "sam/maquina/el_saa/top/amp1/ADDERTREE_INTERNAL_Madd2_lut<0>4"
(ROM) removed.
 The signal "sam/maquina/el_saa/top/amp1/ADDERTREE_INTERNAL_Madd23" is loadless
and has been removed.
  Loadless block "sam/maquina/el_saa/top/amp1/ADDERTREE_INTERNAL_Madd23" (ROM)
removed.
Loadless block "sam/maquina/el_saa/top/amp1/ADDERTREE_INTERNAL_Madd2_lut<0>5"
(ROM) removed.
 The signal "sam/maquina/el_saa/top/amp1/ADDERTREE_INTERNAL_Madd24" is loadless
and has been removed.
  Loadless block "sam/maquina/el_saa/top/amp1/ADDERTREE_INTERNAL_Madd24" (ROM)
removed.
Loadless block "sam/maquina/el_saa/top/amp1/ADDERTREE_INTERNAL_Madd2_lut<0>6"
(ROM) removed.
 The signal "sam/maquina/el_saa/top/amp1/ADDERTREE_INTERNAL_Madd25" is loadless
and has been removed.
  Loadless block "sam/maquina/el_saa/top/amp1/ADDERTREE_INTERNAL_Madd25" (ROM)
removed.
Loadless block "sam/maquina/el_saa/top/amp1/ADDERTREE_INTERNAL_Madd2_lut<0>7"
(ROM) removed.
 The signal "sam/maquina/el_saa/top/amp1/ADDERTREE_INTERNAL_Madd26" is loadless
and has been removed.
  Loadless block "sam/maquina/el_saa/top/amp1/ADDERTREE_INTERNAL_Madd26" (ROM)
removed.
Loadless block "sam/maquina/el_saa/top/amp1/ADDERTREE_INTERNAL_Madd2_lut<0>8"
(ROM) removed.
 The signal "sam/maquina/el_saa/top/amp1/ADDERTREE_INTERNAL_Madd27" is loadless
and has been removed.
  Loadless block "sam/maquina/el_saa/top/amp1/ADDERTREE_INTERNAL_Madd27" (ROM)
removed.
Loadless block "sam/maquina/el_saa/top/amp1/ADDERTREE_INTERNAL_Madd58" (ROM)
removed.
Loadless block "sam/maquina/el_saa/top/amp1/ADDERTREE_INTERNAL_Madd5_lut<0>1"
(ROM) removed.
Loadless block "sam/maquina/el_saa/top/amp1/ADDERTREE_INTERNAL_Madd5_lut<0>2"
(ROM) removed.
 The signal "sam/maquina/el_saa/top/amp1/ADDERTREE_INTERNAL_Madd51" is loadless
and has been removed.
  Loadless block "sam/maquina/el_saa/top/amp1/ADDERTREE_INTERNAL_Madd51" (ROM)
removed.
Loadless block "sam/maquina/el_saa/top/amp1/ADDERTREE_INTERNAL_Madd5_lut<0>3"
(ROM) removed.
 The signal "sam/maquina/el_saa/top/amp1/ADDERTREE_INTERNAL_Madd52" is loadless
and has been removed.
  Loadless block "sam/maquina/el_saa/top/amp1/ADDERTREE_INTERNAL_Madd52" (ROM)
removed.
Loadless block "sam/maquina/el_saa/top/amp1/ADDERTREE_INTERNAL_Madd5_lut<0>4"
(ROM) removed.
 The signal "sam/maquina/el_saa/top/amp1/ADDERTREE_INTERNAL_Madd53" is loadless
and has been removed.
  Loadless block "sam/maquina/el_saa/top/amp1/ADDERTREE_INTERNAL_Madd53" (ROM)
removed.
Loadless block "sam/maquina/el_saa/top/amp1/ADDERTREE_INTERNAL_Madd5_lut<0>5"
(ROM) removed.
 The signal "sam/maquina/el_saa/top/amp1/ADDERTREE_INTERNAL_Madd54" is loadless
and has been removed.
  Loadless block "sam/maquina/el_saa/top/amp1/ADDERTREE_INTERNAL_Madd54" (ROM)
removed.
Loadless block "sam/maquina/el_saa/top/amp1/ADDERTREE_INTERNAL_Madd5_lut<0>6"
(ROM) removed.
 The signal "sam/maquina/el_saa/top/amp1/ADDERTREE_INTERNAL_Madd55" is loadless
and has been removed.
  Loadless block "sam/maquina/el_saa/top/amp1/ADDERTREE_INTERNAL_Madd55" (ROM)
removed.
Loadless block "sam/maquina/el_saa/top/amp1/ADDERTREE_INTERNAL_Madd5_lut<0>7"
(ROM) removed.
 The signal "sam/maquina/el_saa/top/amp1/ADDERTREE_INTERNAL_Madd56" is loadless
and has been removed.
  Loadless block "sam/maquina/el_saa/top/amp1/ADDERTREE_INTERNAL_Madd56" (ROM)
removed.
Loadless block "sam/maquina/el_saa/top/amp1/ADDERTREE_INTERNAL_Madd5_lut<0>8"
(ROM) removed.
 The signal "sam/maquina/el_saa/top/amp1/ADDERTREE_INTERNAL_Madd57" is loadless
and has been removed.
  Loadless block "sam/maquina/el_saa/top/amp1/ADDERTREE_INTERNAL_Madd57" (ROM)
removed.
Loadless block "sam/maquina/el_saa/top/amp2/ADDERTREE_INTERNAL_Madd28" (ROM)
removed.
Loadless block "sam/maquina/el_saa/top/amp2/ADDERTREE_INTERNAL_Madd58" (ROM)
removed.
Unused block "esp_gpio0_io_PULLUP" (PULLUP) removed.
Unused block "esp_gpio2_io_PULLUP" (PULLUP) removed.

Optimized Block(s):
TYPE 		BLOCK
GND 		XST_GND
VCC 		XST_VCC
LUT3 		sam/maquina/el_saa/ADDERTREE_INTERNAL_Madd11
   optimized to 0
LUT3 		sam/maquina/el_saa/ADDERTREE_INTERNAL_Madd12
   optimized to 0
LUT3 		sam/maquina/el_saa/ADDERTREE_INTERNAL_Madd13
   optimized to 0
LUT3 		sam/maquina/el_saa/ADDERTREE_INTERNAL_Madd31
   optimized to 0
LUT3 		sam/maquina/el_saa/ADDERTREE_INTERNAL_Madd32
   optimized to 0
LUT3 		sam/maquina/el_saa/ADDERTREE_INTERNAL_Madd33
   optimized to 0
LUT3 		sam/maquina/el_saa/ADDERTREE_INTERNAL_Madd61
   optimized to 0
LUT3 		sam/maquina/el_saa/ADDERTREE_INTERNAL_Madd62
   optimized to 0
LUT3 		sam/maquina/el_saa/ADDERTREE_INTERNAL_Madd63
   optimized to 0
LUT3 		sam/maquina/el_saa/ADDERTREE_INTERNAL_Madd81
   optimized to 0
LUT3 		sam/maquina/el_saa/ADDERTREE_INTERNAL_Madd82
   optimized to 0
LUT3 		sam/maquina/el_saa/ADDERTREE_INTERNAL_Madd83
   optimized to 0
LUT3 		sam/maquina/el_saa/bottom/amp2/ADDERTREE_INTERNAL_Madd26
   optimized to 0
LUT3 		sam/maquina/el_saa/bottom/amp2/ADDERTREE_INTERNAL_Madd27
   optimized to 0
LUT3 		sam/maquina/el_saa/bottom/amp2/ADDERTREE_INTERNAL_Madd56
   optimized to 0
LUT3 		sam/maquina/el_saa/bottom/amp2/ADDERTREE_INTERNAL_Madd57
   optimized to 0
LUT3 		sam/maquina/el_saa/top/amp2/ADDERTREE_INTERNAL_Madd26
   optimized to 0
LUT3 		sam/maquina/el_saa/top/amp2/ADDERTREE_INTERNAL_Madd27
   optimized to 0
LUT3 		sam/maquina/el_saa/top/amp2/ADDERTREE_INTERNAL_Madd56
   optimized to 0
LUT3 		sam/maquina/el_saa/top/amp2/ADDERTREE_INTERNAL_Madd57
   optimized to 0

To enable printing of redundant blocks removed and signals merged, set the
detailed map report option and rerun map.

Section 6 - IOB Properties
--------------------------

+---------------------------------------------------------------------------------------------------------------------------------------------------------+
| IOB Name                           | Type             | Direction | IO Standard          | Diff  | Drive    | Slew | Reg (s)      | Resistor | IOB      |
|                                    |                  |           |                      | Term  | Strength | Rate |              |          | Delay    |
+---------------------------------------------------------------------------------------------------------------------------------------------------------+
| audioext_l_o                       | IOB              | OUTPUT    | LVCMOS33             |       | 16       | SLOW |              |          |          |
| audioext_r_o                       | IOB              | OUTPUT    | LVCMOS33             |       | 16       | SLOW |              |          |          |
| btn_divmmc_n_i                     | IOB              | INPUT     | LVCMOS33             |       |          |      |              | PULLUP   |          |
| btn_multiface_n_i                  | IOB              | INPUT     | LVCMOS33             |       |          |      |              | PULLUP   |          |
| clock_50_i                         | IOB              | INPUT     | LVCMOS33             |       |          |      |              |          |          |
| ear_port_i                         | IOB              | INPUT     | LVCMOS33             |       |          |      |              |          |          |
| esp_gpio0_io                       | IOB              | OUTPUT    | LVCMOS33             |       | 2        | SLOW |              |          |          |
| esp_gpio2_io                       | IOB              | OUTPUT    | LVCMOS33             |       | 2        | SLOW |              |          |          |
| esp_rx_i                           | IOB              | INPUT     | LVCMOS33             |       |          |      |              | PULLUP   |          |
| esp_tx_o                           | IOB              | OUTPUT    | LVCMOS33             |       | 4        | SLOW |              |          |          |
| flash_cs_n_o                       | IOB              | OUTPUT    | LVCMOS33             |       | 12       | SLOW |              |          |          |
| flash_hold_o                       | IOB              | OUTPUT    | LVCMOS33             |       | 12       | SLOW |              |          |          |
| flash_miso_i                       | IOB              | INPUT     | LVCMOS33             |       |          |      |              | PULLUP   |          |
| flash_mosi_o                       | IOB              | OUTPUT    | LVCMOS33             |       | 12       | SLOW |              |          |          |
| flash_sclk_o                       | IOB              | OUTPUT    | LVCMOS33             |       | 12       | SLOW |              |          |          |
| flash_wp_o                         | IOB              | OUTPUT    | LVCMOS33             |       | 12       | SLOW |              |          |          |
| hsync_o                            | IOB              | OUTPUT    | LVTTL                |       | 8        | FAST |              |          |          |
| joyp1_i                            | IOB              | INPUT     | LVTTL                |       |          |      |              | PULLUP   |          |
| joyp2_i                            | IOB              | INPUT     | LVTTL                |       |          |      |              | PULLUP   |          |
| joyp3_i                            | IOB              | INPUT     | LVTTL                |       |          |      |              | PULLUP   |          |
| joyp4_i                            | IOB              | INPUT     | LVTTL                |       |          |      |              | PULLUP   |          |
| joyp6_i                            | IOB              | INPUT     | LVTTL                |       |          |      |              | PULLUP   |          |
| joyp7_o                            | IOB              | OUTPUT    | LVTTL                |       | 12       | SLOW |              |          |          |
| joyp9_i                            | IOB              | INPUT     | LVTTL                |       |          |      |              | PULLUP   |          |
| led_blue_o                         | IOB              | OUTPUT    | LVCMOS33             |       | 12       | SLOW |              |          |          |
| led_green_o                        | IOB              | OUTPUT    | LVCMOS33             |       | 12       | SLOW |              |          |          |
| led_red_o                          | IOB              | OUTPUT    | LVCMOS33             |       | 12       | SLOW |              |          |          |
| led_yellow_o                       | IOB              | OUTPUT    | LVCMOS33             |       | 12       | SLOW |              |          |          |
| mic_port_o                         | IOB              | OUTPUT    | LVCMOS33             |       | 12       | SLOW |              |          |          |
| ps2_clk_io                         | IOB              | INPUT     | LVCMOS33             |       |          |      |              | PULLUP   |          |
| ps2_data_io                        | IOB              | INPUT     | LVCMOS33             |       |          |      |              | PULLUP   |          |
| ps2_pin2_io                        | IOB              | BIDIR     | LVCMOS33             |       | 24       | SLOW |              | PULLUP   |          |
| ps2_pin6_io                        | IOB              | BIDIR     | LVCMOS33             |       | 24       | SLOW |              | PULLUP   |          |
| ram_addr_o<0>                      | IOB              | OUTPUT    | LVCMOS33             |       | 4        | FAST |              |          |          |
| ram_addr_o<1>                      | IOB              | OUTPUT    | LVCMOS33             |       | 4        | FAST |              |          |          |
| ram_addr_o<2>                      | IOB              | OUTPUT    | LVCMOS33             |       | 4        | FAST |              |          |          |
| ram_addr_o<3>                      | IOB              | OUTPUT    | LVCMOS33             |       | 4        | FAST |              |          |          |
| ram_addr_o<4>                      | IOB              | OUTPUT    | LVCMOS33             |       | 4        | FAST |              |          |          |
| ram_addr_o<5>                      | IOB              | OUTPUT    | LVCMOS33             |       | 4        | FAST |              |          |          |
| ram_addr_o<6>                      | IOB              | OUTPUT    | LVCMOS33             |       | 4        | FAST |              |          |          |
| ram_addr_o<7>                      | IOB              | OUTPUT    | LVCMOS33             |       | 4        | FAST |              |          |          |
| ram_addr_o<8>                      | IOB              | OUTPUT    | LVCMOS33             |       | 4        | FAST |              |          |          |
| ram_addr_o<9>                      | IOB              | OUTPUT    | LVCMOS33             |       | 4        | FAST |              |          |          |
| ram_addr_o<10>                     | IOB              | OUTPUT    | LVCMOS33             |       | 4        | FAST |              |          |          |
| ram_addr_o<11>                     | IOB              | OUTPUT    | LVCMOS33             |       | 4        | FAST |              |          |          |
| ram_addr_o<12>                     | IOB              | OUTPUT    | LVCMOS33             |       | 4        | FAST |              |          |          |
| ram_addr_o<13>                     | IOB              | OUTPUT    | LVCMOS33             |       | 4        | FAST |              |          |          |
| ram_addr_o<14>                     | IOB              | OUTPUT    | LVCMOS33             |       | 4        | FAST |              |          |          |
| ram_addr_o<15>                     | IOB              | OUTPUT    | LVCMOS33             |       | 4        | FAST |              |          |          |
| ram_addr_o<16>                     | IOB              | OUTPUT    | LVCMOS33             |       | 4        | FAST |              |          |          |
| ram_addr_o<17>                     | IOB              | OUTPUT    | LVCMOS33             |       | 4        | FAST |              |          |          |
| ram_addr_o<18>                     | IOB              | OUTPUT    | LVCMOS33             |       | 4        | FAST |              |          |          |
| ram_addr_o<19>                     | IOB              | OUTPUT    | LVCMOS33             |       | 4        | FAST |              |          |          |
| ram_addr_o<20>                     | IOB              | OUTPUT    | LVCMOS33             |       | 4        | FAST |              |          |          |
| ram_ce_n_o                         | IOB              | OUTPUT    | LVCMOS33             |       | 4        | FAST |              |          |          |
| ram_data_io<0>                     | IOB              | BIDIR     | LVCMOS33             |       | 4        | FAST |              |          |          |
| ram_data_io<1>                     | IOB              | BIDIR     | LVCMOS33             |       | 4        | FAST |              |          |          |
| ram_data_io<2>                     | IOB              | BIDIR     | LVCMOS33             |       | 4        | FAST |              |          |          |
| ram_data_io<3>                     | IOB              | BIDIR     | LVCMOS33             |       | 4        | FAST |              |          |          |
| ram_data_io<4>                     | IOB              | BIDIR     | LVCMOS33             |       | 4        | FAST |              |          |          |
| ram_data_io<5>                     | IOB              | BIDIR     | LVCMOS33             |       | 4        | FAST |              |          |          |
| ram_data_io<6>                     | IOB              | BIDIR     | LVCMOS33             |       | 4        | FAST |              |          |          |
| ram_data_io<7>                     | IOB              | BIDIR     | LVCMOS33             |       | 4        | FAST |              |          |          |
| ram_data_io<8>                     | IOB              | INPUT     | LVCMOS33             |       |          |      |              |          |          |
| ram_data_io<9>                     | IOB              | INPUT     | LVCMOS33             |       |          |      |              |          |          |
| ram_data_io<10>                    | IOB              | INPUT     | LVCMOS33             |       |          |      |              |          |          |
| ram_data_io<11>                    | IOB              | INPUT     | LVCMOS33             |       |          |      |              |          |          |
| ram_data_io<12>                    | IOB              | INPUT     | LVCMOS33             |       |          |      |              |          |          |
| ram_data_io<13>                    | IOB              | INPUT     | LVCMOS33             |       |          |      |              |          |          |
| ram_data_io<14>                    | IOB              | INPUT     | LVCMOS33             |       |          |      |              |          |          |
| ram_data_io<15>                    | IOB              | INPUT     | LVCMOS33             |       |          |      |              |          |          |
| ram_lb_n_o                         | IOB              | OUTPUT    | LVCMOS33             |       | 4        | FAST |              |          |          |
| ram_oe_n_o                         | IOB              | OUTPUT    | LVCMOS33             |       | 4        | FAST |              |          |          |
| ram_ub_n_o                         | IOB              | OUTPUT    | LVCMOS33             |       | 4        | FAST |              |          |          |
| ram_we_n_o                         | IOB              | OUTPUT    | LVCMOS33             |       | 4        | FAST |              |          |          |
| rgb_b_o<0>                         | IOB              | OUTPUT    | LVTTL                |       | 8        | FAST |              |          |          |
| rgb_b_o<1>                         | IOB              | OUTPUT    | LVTTL                |       | 8        | FAST |              |          |          |
| rgb_b_o<2>                         | IOB              | OUTPUT    | LVTTL                |       | 8        | FAST |              |          |          |
| rgb_b_o<3>                         | IOB              | OUTPUT    | LVTTL                |       | 8        | FAST |              |          |          |
| rgb_b_o<4>                         | IOB              | OUTPUT    | LVTTL                |       | 8        | FAST |              |          |          |
| rgb_g_o<0>                         | IOB              | OUTPUT    | LVTTL                |       | 8        | FAST |              |          |          |
| rgb_g_o<1>                         | IOB              | OUTPUT    | LVTTL                |       | 8        | FAST |              |          |          |
| rgb_g_o<2>                         | IOB              | OUTPUT    | LVTTL                |       | 8        | FAST |              |          |          |
| rgb_g_o<3>                         | IOB              | OUTPUT    | LVTTL                |       | 8        | FAST |              |          |          |
| rgb_g_o<4>                         | IOB              | OUTPUT    | LVTTL                |       | 8        | FAST |              |          |          |
| rgb_r_o<0>                         | IOB              | OUTPUT    | LVTTL                |       | 8        | FAST |              |          |          |
| rgb_r_o<1>                         | IOB              | OUTPUT    | LVTTL                |       | 8        | FAST |              |          |          |
| rgb_r_o<2>                         | IOB              | OUTPUT    | LVTTL                |       | 8        | FAST |              |          |          |
| rgb_r_o<3>                         | IOB              | OUTPUT    | LVTTL                |       | 8        | FAST |              |          |          |
| rgb_r_o<4>                         | IOB              | OUTPUT    | LVTTL                |       | 8        | FAST |              |          |          |
| sd_cs0_n_o                         | IOB              | OUTPUT    | LVTTL                |       | 12       | SLOW |              |          |          |
| sd_miso_i                          | IOB              | INPUT     | LVTTL                |       |          |      |              | PULLUP   |          |
| sd_mosi_o                          | IOB              | OUTPUT    | LVTTL                |       | 12       | SLOW |              |          |          |
| sd_sclk_o                          | IOB              | OUTPUT    | LVTTL                |       | 12       | SLOW |              |          |          |
| vsync_o                            | IOB              | OUTPUT    | LVTTL                |       | 8        | FAST |              |          |          |
+---------------------------------------------------------------------------------------------------------------------------------------------------------+

Section 7 - RPMs
----------------

Section 8 - Guide Report
------------------------
Guide not run on this design.

Section 9 - Area Group and Partition Summary
--------------------------------------------

Partition Implementation Status
-------------------------------

  No Partitions were found in this design.

-------------------------------

Area Group Information
----------------------

  No area groups were found in this design.

----------------------

Section 10 - Timing Report
--------------------------
A logic-level (pre-route) timing report can be generated by using Xilinx static
timing analysis tools, Timing Analyzer (GUI) or TRCE (command line), with the
mapped NCD and PCF files. Please note that this timing report will be generated
using estimated delay information. For accurate numbers, please generate a
timing report with the post Place and Route NCD file.

For more information about the Timing Analyzer, consult the Xilinx Timing
Analyzer Reference Manual; for more information about TRCE, consult the Xilinx
Command Line Tools User Guide "TRACE" chapter.

Section 11 - Configuration String Details
-----------------------------------------
Use the "-detail" map option to print out Configuration Strings

Section 12 - Control Set Information
------------------------------------
Use the "-detail" map option to print out Control Set Information.

Section 13 - Utilization by Hierarchy
-------------------------------------
Use the "-detail" map option to print out the Utilization by Hierarchy section.
